11:01:00.738 [main] INFO  testCases.TC1_ACRegistration - Alert is correct
11:01:01.088 [main] INFO  testCases.TC1_ACRegistration - Clicked on T&C Check Box
11:01:01.088 [main] INFO  testCases.TC1_ACRegistration - ***** Finishing TC1_AcRegistration *****
11:01:44.513 [main] INFO  testCases.TC3_LoginDDT - **** Starting Login DDT cases ****
11:01:49.450 [main] INFO  testCases.TC3_LoginDDT - **** Starting Login DDT cases ****
11:02:09.637 [main] INFO  testCases.TC3_LoginDDT - **** Starting Login DDT cases ****
11:02:29.784 [main] INFO  testCases.TC3_LoginDDT - **** Starting Login DDT cases ****
11:02:49.930 [main] INFO  testCases.TC3_LoginDDT - **** Starting Login DDT cases ****
11:11:16.855 [main] INFO  testCases.TC1_ACRegistration - ***** Starting TC1_AcRegistration *****
11:11:17.774 [main] INFO  testCases.TC1_ACRegistration - Clicked on Update button
11:11:19.867 [main] INFO  testCases.TC1_ACRegistration - Clicked on Signup button
11:11:19.997 [main] INFO  testCases.TC1_ACRegistration - Clicked on Signup using Email button
11:11:19.998 [main] INFO  testCases.TC1_ACRegistration - Entering user information
11:11:20.776 [main] INFO  testCases.TC1_ACRegistration - Alert is correct
11:11:21.114 [main] INFO  testCases.TC1_ACRegistration - Clicked on T&C Check Box
11:11:21.115 [main] INFO  testCases.TC1_ACRegistration - ***** Finishing TC1_AcRegistration *****
11:11:48.698 [main] INFO  testCases.TC3_LoginDDT - **** Starting Login DDT cases ****
11:11:55.013 [main] INFO  testCases.TC3_LoginDDT - **** Starting Login DDT cases ****
11:12:15.177 [main] INFO  testCases.TC3_LoginDDT - **** Starting Login DDT cases ****
11:12:35.318 [main] INFO  testCases.TC3_LoginDDT - **** Starting Login DDT cases ****
11:12:55.434 [main] INFO  testCases.TC3_LoginDDT - **** Starting Login DDT cases ****
11:14:18.428 [main] INFO  testCases.TC3_LoginDDT - **** Starting Login DDT cases ****
11:14:23.640 [main] INFO  testCases.TC3_LoginDDT - **** Starting Login DDT cases ****
11:14:43.789 [main] INFO  testCases.TC3_LoginDDT - **** Starting Login DDT cases ****
11:15:03.997 [main] INFO  testCases.TC3_LoginDDT - **** Starting Login DDT cases ****
11:15:24.191 [main] INFO  testCases.TC3_LoginDDT - **** Starting Login DDT cases ****
11:29:44.046 [main] INFO  testCases.TC3_LoginDDT - **** Starting Login DDT cases ****
11:29:48.518 [main] INFO  testCases.TC3_LoginDDT - **** Starting Login DDT cases ****
11:30:08.634 [main] INFO  testCases.TC3_LoginDDT - **** Starting Login DDT cases ****
11:30:28.723 [main] INFO  testCases.TC3_LoginDDT - **** Starting Login DDT cases ****
11:30:48.823 [main] INFO  testCases.TC3_LoginDDT - **** Starting Login DDT cases ****
11:33:20.032 [main] INFO  testCases.TC3_LoginDDT - **** Starting Login DDT cases ****
11:33:26.094 [main] INFO  testCases.TC3_LoginDDT - **** Starting Login DDT cases ****
11:33:48.208 [main] INFO  testCases.TC3_LoginDDT - **** Starting Login DDT cases ****
11:34:08.341 [main] INFO  testCases.TC3_LoginDDT - **** Starting Login DDT cases ****
11:34:28.460 [main] INFO  testCases.TC3_LoginDDT - **** Starting Login DDT cases ****
11:51:33.323 [main] INFO  testCases.TC3_LoginDDT - **** Starting Login DDT cases ****
11:51:41.822 [main] INFO  testCases.TC3_LoginDDT - **** Starting Login DDT cases ****
11:52:04.930 [main] INFO  testCases.TC3_LoginDDT - **** Starting Login DDT cases ****
11:52:27.758 [main] INFO  testCases.TC3_LoginDDT - **** Starting Login DDT cases ****
11:52:50.754 [main] INFO  testCases.TC3_LoginDDT - **** Starting Login DDT cases ****
12:00:55.044 [main] INFO  testCases.TC3_LoginDDT - **** Starting Login DDT cases ****
12:01:03.046 [main] INFO  testCases.TC3_LoginDDT - **** Starting Login DDT cases ****
12:01:23.251 [main] INFO  testCases.TC3_LoginDDT - **** Starting Login DDT cases ****
12:01:43.396 [main] INFO  testCases.TC3_LoginDDT - **** Starting Login DDT cases ****
12:02:07.014 [main] INFO  testCases.TC3_LoginDDT - **** Starting Login DDT cases ****
12:07:26.904 [main] INFO  testCases.TC3_LoginDDT - **** Starting Login DDT cases ****
12:07:42.141 [main] INFO  testCases.TC3_LoginDDT - **** Starting Login DDT cases ****
12:08:04.288 [main] INFO  testCases.TC3_LoginDDT - **** Starting Login DDT cases ****
12:08:24.409 [main] INFO  testCases.TC3_LoginDDT - **** Starting Login DDT cases ****
12:08:47.241 [main] INFO  testCases.TC3_LoginDDT - **** Starting Login DDT cases ****
12:16:33.127 [main] INFO  testCases.TC3_LoginDDT - **** Starting Login DDT cases ****
12:16:39.104 [main] INFO  testCases.TC3_LoginDDT - **** Starting Login DDT cases ****
12:17:01.280 [main] INFO  testCases.TC3_LoginDDT - **** Starting Login DDT cases ****
12:17:14.243 [main] INFO  testCases.TC3_LoginDDT - **** Starting Login DDT cases ****
12:17:26.836 [main] INFO  testCases.TC3_LoginDDT - **** Starting Login DDT cases ****
12:22:06.474 [main] INFO  testCases.TC1_ACRegistration - ***** Starting TC1_AcRegistration *****
12:22:07.353 [main] INFO  testCases.TC1_ACRegistration - Clicked on Update button
