14:58:08.726 [TestNG-tests-1] INFO  testCases.TC1_ACRegistration - Clicked on Update button
14:58:11.389 [TestNG-tests-1] INFO  testCases.TC1_ACRegistration - Clicked on Signup button
14:58:11.672 [TestNG-tests-1] INFO  testCases.TC1_ACRegistration - Clicked on Signup using Email button
14:58:11.673 [TestNG-tests-1] INFO  testCases.TC1_ACRegistration - Entering user information
14:58:12.554 [TestNG-tests-1] INFO  testCases.TC1_ACRegistration - Alert is correct
14:58:12.926 [TestNG-tests-1] INFO  testCases.TC1_ACRegistration - Clicked on T&C Check Box
14:58:12.926 [TestNG-tests-1] INFO  testCases.TC1_ACRegistration - ***** Finishing TC1_AcRegistration *****
14:58:18.335 [TestNG-tests-2] INFO  testCases.TC1_ACRegistration - ***** Starting TC1_AcRegistration *****
14:58:23.687 [TestNG-tests-2] INFO  testCases.TC1_ACRegistration - Clicked on Update button
14:58:24.171 [TestNG-tests-2] ERROR testCases.TC1_ACRegistration - Test Failed
14:58:41.295 [TestNG-tests-1] INFO  testCases.TC1_ACRegistration - ***** Starting TC1_AcRegistration *****
14:58:42.878 [TestNG-tests-2] INFO  testCases.TC1_ACRegistration - ***** Starting TC1_AcRegistration *****
14:58:43.651 [TestNG-tests-1] INFO  testCases.TC1_ACRegistration - Clicked on Update button
14:58:43.669 [TestNG-tests-2] ERROR testCases.TC1_ACRegistration - Test Failed
14:58:55.148 [TestNG-tests-1] INFO  testCases.TC1_ACRegistration - Clicked on Signup button
14:58:55.727 [TestNG-tests-1] ERROR testCases.TC1_ACRegistration - Test Failed
14:59:21.991 [TestNG-tests-1] INFO  testCases.TC1_ACRegistration - ***** Starting TC1_AcRegistration *****
14:59:24.858 [TestNG-tests-2] INFO  testCases.TC1_ACRegistration - ***** Starting TC1_AcRegistration *****
14:59:25.766 [TestNG-tests-1] INFO  testCases.TC1_ACRegistration - Clicked on Update button
14:59:25.780 [TestNG-tests-2] ERROR testCases.TC1_ACRegistration - Test Failed
14:59:38.694 [TestNG-tests-1] INFO  testCases.TC1_ACRegistration - Clicked on Signup button
14:59:39.268 [TestNG-tests-1] ERROR testCases.TC1_ACRegistration - Test Failed
15:09:29.458 [main] INFO  testCases.TC1_ACRegistration - ***** Starting TC1_AcRegistration *****
15:09:30.271 [main] INFO  testCases.TC1_ACRegistration - Clicked on Update button
15:09:32.826 [main] INFO  testCases.TC1_ACRegistration - Clicked on Signup button
15:09:33.048 [main] INFO  testCases.TC1_ACRegistration - Clicked on Signup using Email button
15:09:33.048 [main] INFO  testCases.TC1_ACRegistration - Entering user information
15:09:33.752 [main] INFO  testCases.TC1_ACRegistration - Alert is correct
15:09:34.080 [main] INFO  testCases.TC1_ACRegistration - Clicked on T&C Check Box
15:09:34.080 [main] INFO  testCases.TC1_ACRegistration - ***** Finishing TC1_AcRegistration *****
15:10:09.821 [main] INFO  testCases.TC3_LoginDDT - **** Starting Login DDT cases ****
15:10:14.182 [main] INFO  testCases.TC3_LoginDDT - **** Starting Login DDT cases ****
15:10:36.197 [main] INFO  testCases.TC3_LoginDDT - **** Starting Login DDT cases ****
15:10:48.579 [main] INFO  testCases.TC3_LoginDDT - **** Starting Login DDT cases ****
15:11:01.049 [main] INFO  testCases.TC3_LoginDDT - **** Starting Login DDT cases ****
14:52:25.185 [main] INFO  testCases.TC1_ACRegistration - ***** Starting TC1_AcRegistration *****
14:52:26.082 [main] INFO  testCases.TC1_ACRegistration - Clicked on Update button
14:52:29.364 [main] INFO  testCases.TC1_ACRegistration - Clicked on Signup button
14:52:29.488 [main] INFO  testCases.TC1_ACRegistration - Clicked on Signup using Email button
14:52:29.488 [main] INFO  testCases.TC1_ACRegistration - Entering user information
14:52:30.196 [main] INFO  testCases.TC1_ACRegistration - Alert is correct
14:52:30.528 [main] INFO  testCases.TC1_ACRegistration - Clicked on T&C Check Box
14:52:30.528 [main] INFO  testCases.TC1_ACRegistration - ***** Finishing TC1_AcRegistration *****
14:53:23.905 [main] INFO  testCases.TC3_LoginDDT - **** Starting Login DDT cases ****
14:53:29.814 [main] INFO  testCases.TC3_LoginDDT - **** Starting Login DDT cases ****
14:53:51.910 [main] INFO  testCases.TC3_LoginDDT - **** Starting Login DDT cases ****
14:54:05.418 [main] INFO  testCases.TC3_LoginDDT - **** Starting Login DDT cases ****
14:54:17.900 [main] INFO  testCases.TC3_LoginDDT - **** Starting Login DDT cases ****
16:32:08.284 [main] INFO  testCases.TC1_ACRegistration - ***** Starting TC1_AcRegistration *****
16:32:09.490 [main] INFO  testCases.TC1_ACRegistration - Clicked on Update button
16:32:12.375 [main] INFO  testCases.TC1_ACRegistration - Clicked on Signup button
16:32:12.518 [main] INFO  testCases.TC1_ACRegistration - Clicked on Signup using Email button
16:32:12.518 [main] INFO  testCases.TC1_ACRegistration - Entering user information
16:32:13.265 [main] INFO  testCases.TC1_ACRegistration - Alert is correct
16:32:13.598 [main] INFO  testCases.TC1_ACRegistration - Clicked on T&C Check Box
16:32:13.599 [main] INFO  testCases.TC1_ACRegistration - ***** Finishing TC1_AcRegistration *****
