14:15:07.270 [main] INFO  testCases.TC1_ACRegistration - Entering user information
14:15:08.106 [main] INFO  testCases.TC1_ACRegistration - Alert is correct
14:15:08.444 [main] INFO  testCases.TC1_ACRegistration - Clicked on T&C Check Box
14:15:08.444 [main] INFO  testCases.TC1_ACRegistration - ***** Finishing TC1_AcRegistration *****
14:21:45.533 [main] INFO  testCases.TC1_ACRegistration - ***** Starting TC1_AcRegistration *****
14:21:46.299 [main] INFO  testCases.TC1_ACRegistration - Clicked on Update button
14:21:49.387 [main] INFO  testCases.TC1_ACRegistration - Clicked on Signup button
14:21:49.543 [main] INFO  testCases.TC1_ACRegistration - Clicked on Signup using Email button
14:21:49.544 [main] INFO  testCases.TC1_ACRegistration - Entering user information
14:21:50.257 [main] INFO  testCases.TC1_ACRegistration - Alert is correct
14:21:50.566 [main] INFO  testCases.TC1_ACRegistration - Clicked on T&C Check Box
14:21:50.566 [main] INFO  testCases.TC1_ACRegistration - ***** Finishing TC1_AcRegistration *****
14:32:12.391 [main] INFO  testCases.TC1_ACRegistration - ***** Starting TC1_AcRegistration *****
14:32:13.184 [main] INFO  testCases.TC1_ACRegistration - Clicked on Update button
14:32:16.175 [main] INFO  testCases.TC1_ACRegistration - Clicked on Signup button
14:32:16.298 [main] INFO  testCases.TC1_ACRegistration - Clicked on Signup using Email button
14:32:16.298 [main] INFO  testCases.TC1_ACRegistration - Entering user information
14:32:17.011 [main] INFO  testCases.TC1_ACRegistration - Alert is correct
14:32:17.331 [main] INFO  testCases.TC1_ACRegistration - Clicked on T&C Check Box
14:32:17.331 [main] INFO  testCases.TC1_ACRegistration - ***** Finishing TC1_AcRegistration *****
14:40:26.483 [main] INFO  testCases.TC1_ACRegistration - ***** Starting TC1_AcRegistration *****
14:40:27.292 [main] INFO  testCases.TC1_ACRegistration - Clicked on Update button
14:40:29.570 [main] INFO  testCases.TC1_ACRegistration - Clicked on Signup button
14:40:29.689 [main] INFO  testCases.TC1_ACRegistration - Clicked on Signup using Email button
14:40:29.689 [main] INFO  testCases.TC1_ACRegistration - Entering user information
14:40:30.375 [main] INFO  testCases.TC1_ACRegistration - Alert is correct
14:40:30.698 [main] INFO  testCases.TC1_ACRegistration - Clicked on T&C Check Box
14:40:30.699 [main] INFO  testCases.TC1_ACRegistration - ***** Finishing TC1_AcRegistration *****
14:41:16.291 [main] INFO  testCases.TC1_ACRegistration - ***** Starting TC1_AcRegistration *****
14:41:17.145 [main] INFO  testCases.TC1_ACRegistration - Clicked on Update button
14:41:18.903 [main] INFO  testCases.TC1_ACRegistration - Clicked on Signup button
14:41:19.022 [main] INFO  testCases.TC1_ACRegistration - Clicked on Signup using Email button
14:41:19.022 [main] INFO  testCases.TC1_ACRegistration - Entering user information
14:41:19.840 [main] INFO  testCases.TC1_ACRegistration - Alert is correct
14:41:20.128 [main] INFO  testCases.TC1_ACRegistration - Clicked on T&C Check Box
14:41:20.128 [main] INFO  testCases.TC1_ACRegistration - ***** Finishing TC1_AcRegistration *****
14:41:52.754 [main] INFO  testCases.TC3_LoginDDT - **** Starting Login DDT cases ****
14:41:59.070 [main] INFO  testCases.TC3_LoginDDT - **** Starting Login DDT cases ****
14:42:22.028 [main] INFO  testCases.TC3_LoginDDT - **** Starting Login DDT cases ****
14:42:42.169 [main] INFO  testCases.TC3_LoginDDT - **** Starting Login DDT cases ****
14:43:02.326 [main] INFO  testCases.TC3_LoginDDT - **** Starting Login DDT cases ****
15:21:32.664 [main] INFO  testCases.TC1_ACRegistration - ***** Starting TC1_AcRegistration *****
15:21:32.980 [main] INFO  testCases.TC1_ACRegistration - Clicked on Update button
15:21:35.738 [main] INFO  testCases.TC1_ACRegistration - Clicked on Signup button
15:21:35.850 [main] INFO  testCases.TC1_ACRegistration - Clicked on Signup using Email button
15:21:35.850 [main] INFO  testCases.TC1_ACRegistration - Entering user information
15:21:36.571 [main] INFO  testCases.TC1_ACRegistration - Alert is correct
15:21:36.890 [main] INFO  testCases.TC1_ACRegistration - Clicked on T&C Check Box
15:21:36.891 [main] INFO  testCases.TC1_ACRegistration - ***** Finishing TC1_AcRegistration *****
15:22:03.127 [main] INFO  testCases.TC3_LoginDDT - **** Starting Login DDT cases ****
15:22:07.787 [main] INFO  testCases.TC3_LoginDDT - **** Starting Login DDT cases ****
15:22:30.830 [main] INFO  testCases.TC3_LoginDDT - **** Starting Login DDT cases ****
15:22:43.223 [main] INFO  testCases.TC3_LoginDDT - **** Starting Login DDT cases ****
15:22:56.720 [main] INFO  testCases.TC3_LoginDDT - **** Starting Login DDT cases ****
18:08:57.450 [main] INFO  testCases.TC1_ACRegistration - ***** Starting TC1_AcRegistration *****
18:08:58.308 [main] INFO  testCases.TC1_ACRegistration - Clicked on Update button
18:09:01.591 [main] INFO  testCases.TC1_ACRegistration - Clicked on Signup button
18:09:01.735 [main] INFO  testCases.TC1_ACRegistration - Clicked on Signup using Email button
