12:17:33.502 [main] INFO  testCases.TC1_ACRegistration - Clicked on T&C Check Box
12:17:33.511 [main] INFO  testCases.TC1_ACRegistration - ***** Finishing TC1_AcRegistration *****
12:18:22.212 [main] INFO  testCases.TC3_LoginDDT - **** Starting Login DDT cases ****
12:18:26.401 [main] INFO  testCases.TC3_LoginDDT - **** Starting Login DDT cases ****
12:18:48.250 [main] INFO  testCases.TC3_LoginDDT - **** Starting Login DDT cases ****
12:19:01.713 [main] INFO  testCases.TC3_LoginDDT - **** Starting Login DDT cases ****
12:19:13.898 [main] INFO  testCases.TC3_LoginDDT - **** Starting Login DDT cases ****
12:36:10.345 [main] INFO  testCases.TC1_ACRegistration - ***** Starting TC1_AcRegistration *****
12:36:10.669 [main] INFO  testCases.TC1_ACRegistration - Clicked on Update button
12:36:13.605 [main] INFO  testCases.TC1_ACRegistration - Clicked on Signup button
12:36:13.888 [main] INFO  testCases.TC1_ACRegistration - Clicked on Signup using Email button
12:36:13.888 [main] INFO  testCases.TC1_ACRegistration - Entering user information
12:36:14.674 [main] INFO  testCases.TC1_ACRegistration - Alert is correct
12:36:14.991 [main] INFO  testCases.TC1_ACRegistration - Clicked on T&C Check Box
12:36:14.991 [main] INFO  testCases.TC1_ACRegistration - ***** Finishing TC1_AcRegistration *****
12:36:42.489 [main] INFO  testCases.TC3_LoginDDT - **** Starting Login DDT cases ****
12:36:47.778 [main] INFO  testCases.TC3_LoginDDT - **** Starting Login DDT cases ****
12:37:10.754 [main] INFO  testCases.TC3_LoginDDT - **** Starting Login DDT cases ****
12:37:22.925 [main] INFO  testCases.TC3_LoginDDT - **** Starting Login DDT cases ****
12:37:35.141 [main] INFO  testCases.TC3_LoginDDT - **** Starting Login DDT cases ****
11:52:35.007 [main] INFO  testCases.TC1_ACRegistration - ***** Starting TC1_AcRegistration *****
11:52:36.003 [main] INFO  testCases.TC1_ACRegistration - Clicked on Update button
11:52:38.981 [main] INFO  testCases.TC1_ACRegistration - Clicked on Signup button
11:52:39.143 [main] INFO  testCases.TC1_ACRegistration - Clicked on Signup using Email button
11:52:39.143 [main] INFO  testCases.TC1_ACRegistration - Entering user information
11:52:39.908 [main] INFO  testCases.TC1_ACRegistration - Alert is correct
11:52:40.261 [main] INFO  testCases.TC1_ACRegistration - Clicked on T&C Check Box
11:52:40.261 [main] INFO  testCases.TC1_ACRegistration - ***** Finishing TC1_AcRegistration *****
11:53:33.930 [main] INFO  testCases.TC3_LoginDDT - **** Starting Login DDT cases ****
11:53:40.353 [main] INFO  testCases.TC3_LoginDDT - **** Starting Login DDT cases ****
11:54:02.578 [main] INFO  testCases.TC3_LoginDDT - **** Starting Login DDT cases ****
11:54:15.364 [main] INFO  testCases.TC3_LoginDDT - **** Starting Login DDT cases ****
11:54:27.787 [main] INFO  testCases.TC3_LoginDDT - **** Starting Login DDT cases ****
