13:24:11.693 [main] INFO  testCases.TC3_LoginDDT - **** Starting Login DDT cases ****
13:24:35.849 [main] INFO  testCases.TC3_LoginDDT - **** Starting Login DDT cases ****
14:11:54.507 [main] INFO  testCases.TC3_LoginDDT - **** Starting Login DDT cases ****
14:12:11.482 [main] INFO  testCases.TC3_LoginDDT - **** Starting Login DDT cases ****
14:12:21.907 [main] INFO  testCases.TC3_LoginDDT - **** Starting Login DDT cases ****
14:12:32.251 [main] INFO  testCases.TC3_LoginDDT - **** Starting Login DDT cases ****
14:12:37.381 [main] INFO  testCases.TC3_LoginDDT - **** Starting Login DDT cases ****
14:12:42.624 [main] INFO  testCases.TC3_LoginDDT - **** Starting Login DDT cases ****
14:12:58.026 [main] INFO  testCases.TC3_LoginDDT - **** Starting Login DDT cases ****
14:13:21.238 [main] INFO  testCases.TC3_LoginDDT - **** Starting Login DDT cases ****
14:13:44.979 [main] INFO  testCases.TC3_LoginDDT - **** Starting Login DDT cases ****
14:14:09.844 [main] INFO  testCases.TC3_LoginDDT - **** Starting Login DDT cases ****
14:14:13.778 [main] INFO  testCases.TC3_LoginDDT - **** Starting Login DDT cases ****
14:14:32.923 [main] INFO  testCases.TC3_LoginDDT - **** Starting Login DDT cases ****
14:14:56.240 [main] INFO  testCases.TC3_LoginDDT - **** Starting Login DDT cases ****
14:15:19.464 [main] INFO  testCases.TC3_LoginDDT - **** Starting Login DDT cases ****
14:15:42.737 [main] INFO  testCases.TC3_LoginDDT - **** Starting Login DDT cases ****
14:17:00.714 [main] INFO  testCases.TC3_LoginDDT - **** Starting Login DDT cases ****
14:17:20.547 [main] INFO  testCases.TC3_LoginDDT - **** Starting Login DDT cases ****
14:17:43.838 [main] INFO  testCases.TC3_LoginDDT - **** Starting Login DDT cases ****
14:18:09.206 [main] INFO  testCases.TC3_LoginDDT - **** Starting Login DDT cases ****
14:18:33.404 [main] INFO  testCases.TC3_LoginDDT - **** Starting Login DDT cases ****
14:26:22.533 [main] INFO  testCases.TC3_LoginDDT - **** Starting Login DDT cases ****
14:26:34.895 [main] INFO  testCases.TC3_LoginDDT - **** Starting Login DDT cases ****
14:26:54.997 [main] INFO  testCases.TC3_LoginDDT - **** Starting Login DDT cases ****
14:27:15.112 [main] INFO  testCases.TC3_LoginDDT - **** Starting Login DDT cases ****
14:27:19.000 [main] INFO  testCases.TC3_LoginDDT - **** Starting Login DDT cases ****
14:27:40.673 [main] INFO  testCases.TC3_LoginDDT - **** Starting Login DDT cases ****
14:27:54.550 [main] INFO  testCases.TC3_LoginDDT - **** Starting Login DDT cases ****
14:28:14.656 [main] INFO  testCases.TC3_LoginDDT - **** Starting Login DDT cases ****
14:28:17.816 [main] INFO  testCases.TC3_LoginDDT - **** Starting Login DDT cases ****
14:28:20.959 [main] INFO  testCases.TC3_LoginDDT - **** Starting Login DDT cases ****
14:28:32.530 [main] INFO  testCases.TC3_LoginDDT - **** Starting Login DDT cases ****
14:28:44.847 [main] INFO  testCases.TC3_LoginDDT - **** Starting Login DDT cases ****
14:29:03.569 [main] INFO  testCases.TC3_LoginDDT - **** Starting Login DDT cases ****
14:29:23.703 [main] INFO  testCases.TC3_LoginDDT - **** Starting Login DDT cases ****
14:29:26.819 [main] INFO  testCases.TC3_LoginDDT - **** Starting Login DDT cases ****
14:34:14.960 [main] INFO  testCases.TC3_LoginDDT - **** Starting Login DDT cases ****
14:34:26.030 [main] INFO  testCases.TC3_LoginDDT - **** Starting Login DDT cases ****
14:34:56.214 [main] INFO  testCases.TC3_LoginDDT - **** Starting Login DDT cases ****
14:35:16.283 [main] INFO  testCases.TC3_LoginDDT - **** Starting Login DDT cases ****
14:35:36.448 [main] INFO  testCases.TC3_LoginDDT - **** Starting Login DDT cases ****
14:35:51.844 [main] INFO  testCases.TC1_ACRegistration - ***** Starting TC1_AcRegistration *****
14:35:52.597 [main] INFO  testCases.TC1_ACRegistration - Clicked on Update button
14:35:54.273 [main] INFO  testCases.TC1_ACRegistration - Clicked on Signup button
14:35:54.425 [main] INFO  testCases.TC1_ACRegistration - Clicked on Signup using Email button
14:35:54.425 [main] INFO  testCases.TC1_ACRegistration - Entering user information
14:35:55.149 [main] INFO  testCases.TC1_ACRegistration - Alert is correct
14:35:55.469 [main] INFO  testCases.TC1_ACRegistration - Clicked on T&C Check Box
14:35:55.469 [main] INFO  testCases.TC1_ACRegistration - ***** Finishing TC1_AcRegistration *****
14:36:20.370 [main] INFO  testCases.TC3_LoginDDT - **** Starting Login DDT cases ****
14:36:29.821 [main] INFO  testCases.TC3_LoginDDT - **** Starting Login DDT cases ****
14:36:49.988 [main] INFO  testCases.TC3_LoginDDT - **** Starting Login DDT cases ****
14:37:10.101 [main] INFO  testCases.TC3_LoginDDT - **** Starting Login DDT cases ****
14:37:30.236 [main] INFO  testCases.TC3_LoginDDT - **** Starting Login DDT cases ****
14:39:58.061 [main] INFO  testCases.TC1_ACRegistration - ***** Starting TC1_AcRegistration *****
14:39:58.801 [main] INFO  testCases.TC1_ACRegistration - Clicked on Update button
14:40:02.592 [main] INFO  testCases.TC1_ACRegistration - Clicked on Signup button
